<?xml version="1.0" encoding="UTF-8"?>
<!-- Generated by org.testng.reporters.JUnitReportReporter -->
<testsuite hostname="DESKTOP-RVJV18D" failures="0" tests="1" name="com.qe.project.testcases.Sign_InTest" time="3.571" errors="0" timestamp="2023-09-11T22:50:25 IST" skipped="0">
  <testcase classname="com.qe.project.testcases.Sign_InTest" name="loginTest" time="3.571"/>
  <system-out>
    <![CDATA[Logined succussfully]]>
  </system-out>
</testsuite> <!-- com.qe.project.testcases.Sign_InTest -->
