<?xml version="1.0" encoding="UTF-8"?>
<!-- Generated by org.testng.reporters.JUnitReportReporter -->
<testsuite hostname="DESKTOP-RVJV18D" failures="0" tests="45" name="com.qe.project.testcases.warehouseBCL_Test" time="77.443" errors="0" timestamp="2023-09-11T22:50:25 IST" skipped="0">
  <testcase classname="com.qe.project.testcases.warehouseBCL_Test" name="clickOnDispositionlinkTest" time="5.181"/>
  <system-out/>
  <testcase classname="com.qe.project.testcases.warehouseBCL_Test" name="clickBCL" time="4.766"/>
  <system-out/>
  <testcase classname="com.qe.project.testcases.warehouseBCL_Test" name="brandCallLogFilter" time="1.128"/>
  <system-out/>
  <testcase classname="com.qe.project.testcases.warehouseBCL_Test" name="brandFieldFilter" time="4.681"/>
  <system-out/>
  <testcase classname="com.qe.project.testcases.warehouseBCL_Test" name="brandApplyFilter" time="2.300"/>
  <system-out/>
  <testcase classname="com.qe.project.testcases.warehouseBCL_Test" name="selectBCLItem" time="1.137"/>
  <system-out/>
  <testcase classname="com.qe.project.testcases.warehouseBCL_Test" name="clickBCLUpdate" time="2.151"/>
  <system-out/>
  <testcase classname="com.qe.project.testcases.warehouseBCL_Test" name="BCLSelcetData1" time="0.388"/>
  <system-out/>
  <testcase classname="com.qe.project.testcases.warehouseBCL_Test" name="parchaseInvoice" time="1.204"/>
  <system-out/>
  <testcase classname="com.qe.project.testcases.warehouseBCL_Test" name="parchaseUpdate" time="1.379"/>
  <system-out/>
  <testcase classname="com.qe.project.testcases.warehouseBCL_Test" name="addDataField" time="0.172"/>
  <system-out/>
  <testcase classname="com.qe.project.testcases.warehouseBCL_Test" name="selectData2" time="0.272"/>
  <system-out/>
  <testcase classname="com.qe.project.testcases.warehouseBCL_Test" name="damageCertificate" time="0.157"/>
  <system-out/>
  <testcase classname="com.qe.project.testcases.warehouseBCL_Test" name="damageUpload1" time="7.352"/>
  <system-out/>
  <testcase classname="com.qe.project.testcases.warehouseBCL_Test" name="submitFirst" time="4.255"/>
  <system-out/>
  <testcase classname="com.qe.project.testcases.warehouseBCL_Test" name="pendingInformationOK" time="1.163"/>
  <system-out/>
  <testcase classname="com.qe.project.testcases.warehouseBCL_Test" name="pendingBclTickets" time="0.192"/>
  <system-out/>
  <testcase classname="com.qe.project.testcases.warehouseBCL_Test" name="selectBclTickets" time="0.379"/>
  <system-out/>
  <testcase classname="com.qe.project.testcases.warehouseBCL_Test" name="updateBclTickets" time="0.182"/>
  <system-out/>
  <testcase classname="com.qe.project.testcases.warehouseBCL_Test" name="ticketNoBclTickets" time="1.303"/>
  <system-out/>
  <testcase classname="com.qe.project.testcases.warehouseBCL_Test" name="ticketDateBclTickets" time="1.211"/>
  <system-out/>
  <testcase classname="com.qe.project.testcases.warehouseBCL_Test" name="selectCalendorBclTickets" time="1.142"/>
  <system-out/>
  <testcase classname="com.qe.project.testcases.warehouseBCL_Test" name="calendorOkBclTickets" time="1.127"/>
  <system-out/>
  <testcase classname="com.qe.project.testcases.warehouseBCL_Test" name="submitBclTickets" time="0.168"/>
  <system-out/>
  <testcase classname="com.qe.project.testcases.warehouseBCL_Test" name="submitBCLTicketsOkbutton" time="2.071"/>
  <system-out/>
  <testcase classname="com.qe.project.testcases.warehouseBCL_Test" name="pendingInspection1" time="1.146"/>
  <system-out/>
  <testcase classname="com.qe.project.testcases.warehouseBCL_Test" name="selectInspection" time="0.204"/>
  <system-out/>
  <testcase classname="com.qe.project.testcases.warehouseBCL_Test" name="updateInspection" time="1.127"/>
  <system-out/>
  <testcase classname="com.qe.project.testcases.warehouseBCL_Test" name="brandInspectionDate1" time="1.173"/>
  <system-out/>
  <testcase classname="com.qe.project.testcases.warehouseBCL_Test" name="brandDatecalendorInpsection" time="1.179"/>
  <system-out/>
  <testcase classname="com.qe.project.testcases.warehouseBCL_Test" name="brandDateOkInspection" time="2.139"/>
  <system-out/>
  <testcase classname="com.qe.project.testcases.warehouseBCL_Test" name="brandInspectionReport" time="9.112"/>
  <system-out/>
  <testcase classname="com.qe.project.testcases.warehouseBCL_Test" name="submitBrandInspection" time="1.131"/>
  <system-out/>
  <testcase classname="com.qe.project.testcases.warehouseBCL_Test" name="brandInspectionOkbutton" time="1.325"/>
  <system-out/>
  <testcase classname="com.qe.project.testcases.warehouseBCL_Test" name="pendingDecision" time="2.202"/>
  <system-out/>
  <testcase classname="com.qe.project.testcases.warehouseBCL_Test" name="selectPendingDecision" time="0.132"/>
  <system-out/>
  <testcase classname="com.qe.project.testcases.warehouseBCL_Test" name="updatePendingDecision" time="2.123"/>
  <system-out/>
  <testcase classname="com.qe.project.testcases.warehouseBCL_Test" name="brandDecision" time="1.180"/>
  <system-out/>
  <testcase classname="com.qe.project.testcases.warehouseBCL_Test" name="brandDecisionRTV" time="0.162"/>
  <system-out/>
  <testcase classname="com.qe.project.testcases.warehouseBCL_Test" name="brandApprovalReferanceNo" time="1.339"/>
  <system-out/>
  <testcase classname="com.qe.project.testcases.warehouseBCL_Test" name="brandDecisionCreditNo" time="2.322"/>
  <system-out/>
  <testcase classname="com.qe.project.testcases.warehouseBCL_Test" name="decisionCreditNoteAmount" time="1.335"/>
  <system-out/>
  <testcase classname="com.qe.project.testcases.warehouseBCL_Test" name="brandDecisionSubsmit" time="0.109"/>
  <system-out/>
  <testcase classname="com.qe.project.testcases.warehouseBCL_Test" name="brandDecisionOkbutton" time="2.387"/>
  <system-out/>
  <testcase classname="com.qe.project.testcases.warehouseBCL_Test" name="clickOnDispositionlinkTest1" time="0.155"/>
  <system-out/>
</testsuite> <!-- com.qe.project.testcases.warehouseBCL_Test -->
