<?xml version="1.0" encoding="UTF-8"?>
<!-- Generated by org.testng.reporters.JUnitReportReporter -->
<testsuite hostname="DESKTOP-RVJV18D" failures="0" tests="2" name="com.qe.project.testcases.Logout_InTest" time="1.324" errors="0" timestamp="2023-09-11T22:50:25 IST" skipped="0">
  <testcase classname="com.qe.project.testcases.Logout_InTest" name="logout" time="0.324"/>
  <system-out/>
  <testcase classname="com.qe.project.testcases.Logout_InTest" name="Logout_Test" time="1.000"/>
  <system-out/>
</testsuite> <!-- com.qe.project.testcases.Logout_InTest -->
